# JRE version: OpenJDK Runtime Environment (17.0.11) (build 17.0.11+0--11852314)
# Java VM: OpenJDK 64-Bit Server VM (17.0.11+0--11852314, mixed mode, tiered, compressed oops, compressed class ptrs, g1 gc, windows-amd64)
GC Precious Log:
 CPUs: 8 total, 8 available
 Memory: 7963M
 Large Page Support: Disabled
 NUMA Support: Disabled
 Compressed Oops: Enabled (32-bit)
 Heap Region Size: 1M
 Heap Min Capacity: 8M
 Heap Initial Capacity: 126M
 Heap Max Capacity: 2G
 Pre-touch: Disabled
 Parallel Workers: 8
 Concurrent Workers: 2
 Concurrent Refinement Workers: 8
 Periodic GC: Disabled
Heap:
 garbage-first heap   total 482304K, used 383241K [0x0000000080000000, 0x0000000100000000)
  region size 1024K, 92 young (94208K), 16 survivors (16384K)
 Metaspace       used 146365K, committed 147328K, reserved 1179648K
  class space    used 19431K, committed 19904K, reserved 1048576K
GC Heap History (20 events):
Event: 20.925 GC heap before
{Heap before GC invocations=53 (full 0):
 garbage-first heap   total 482304K, used 371065K [0x0000000080000000, 0x0000000100000000)
  region size 1024K, 148 young (151552K), 7 survivors (7168K)
 Metaspace       used 119438K, committed 120192K, reserved 1179648K
  class space    used 16273K, committed 16640K, reserved 1048576K
}
Event: 20.944 GC heap after
{Heap after GC invocations=54 (full 0):
 garbage-first heap   total 482304K, used 235492K [0x0000000080000000, 0x0000000100000000)
  region size 1024K, 15 young (15360K), 15 survivors (15360K)
 Metaspace       used 119438K, committed 120192K, reserved 1179648K
  class space    used 16273K, committed 16640K, reserved 1048576K
}
Event: 20.978 GC heap before
{Heap before GC invocations=54 (full 0):
 garbage-first heap   total 482304K, used 243684K [0x0000000080000000, 0x0000000100000000)
  region size 1024K, 23 young (23552K), 15 survivors (15360K)
 Metaspace       used 119438K, committed 120192K, reserved 1179648K
  class space    used 16273K, committed 16640K, reserved 1048576K
}
Event: 21.023 GC heap after
{Heap after GC invocations=55 (full 0):
 garbage-first heap   total 482304K, used 230365K [0x0000000080000000, 0x0000000100000000)
  region size 1024K, 2 young (2048K), 2 survivors (2048K)
 Metaspace       used 119438K, committed 120192K, reserved 1179648K
  class space    used 16273K, committed 16640K, reserved 1048576K
}
Event: 64.031 GC heap before
{Heap before GC invocations=55 (full 0):
 garbage-first heap   total 482304K, used 384989K [0x0000000080000000, 0x0000000100000000)
  region size 1024K, 135 young (138240K), 2 survivors (2048K)
 Metaspace       used 126775K, committed 127680K, reserved 1179648K
  class space    used 17011K, committed 17472K, reserved 1048576K
}
Event: 64.036 GC heap after
{Heap after GC invocations=56 (full 0):
 garbage-first heap   total 482304K, used 235725K [0x0000000080000000, 0x0000000100000000)
  region size 1024K, 7 young (7168K), 7 survivors (7168K)
 Metaspace       used 126775K, committed 127680K, reserved 1179648K
  class space    used 17011K, committed 17472K, reserved 1048576K
}
Event: 65.648 GC heap before
{Heap before GC invocations=56 (full 0):
 garbage-first heap   total 482304K, used 409805K [0x0000000080000000, 0x0000000100000000)
  region size 1024K, 144 young (147456K), 7 survivors (7168K)
 Metaspace       used 127169K, committed 128064K, reserved 1179648K
  class space    used 17021K, committed 17472K, reserved 1048576K
}
Event: 65.679 GC heap after
{Heap after GC invocations=57 (full 0):
 garbage-first heap   total 482304K, used 270096K [0x0000000080000000, 0x0000000100000000)
  region size 1024K, 18 young (18432K), 18 survivors (18432K)
 Metaspace       used 127169K, committed 128064K, reserved 1179648K
  class space    used 17021K, committed 17472K, reserved 1048576K
}
Event: 65.978 GC heap before
{Heap before GC invocations=57 (full 0):
 garbage-first heap   total 482304K, used 375568K [0x0000000080000000, 0x0000000100000000)
  region size 1024K, 122 young (124928K), 18 survivors (18432K)
 Metaspace       used 127401K, committed 128320K, reserved 1179648K
  class space    used 17041K, committed 17472K, reserved 1048576K
}
Event: 65.994 GC heap after
{Heap after GC invocations=58 (full 0):
 garbage-first heap   total 482304K, used 276853K [0x0000000080000000, 0x0000000100000000)
  region size 1024K, 6 young (6144K), 6 survivors (6144K)
 Metaspace       used 127401K, committed 128320K, reserved 1179648K
  class space    used 17041K, committed 17472K, reserved 1048576K
}
Event: 66.794 GC heap before
{Heap before GC invocations=58 (full 0):
 garbage-first heap   total 482304K, used 383349K [0x0000000080000000, 0x0000000100000000)
  region size 1024K, 111 young (113664K), 6 survivors (6144K)
 Metaspace       used 128621K, committed 129536K, reserved 1179648K
  class space    used 17186K, committed 17664K, reserved 1048576K
}
Event: 66.799 GC heap after
{Heap after GC invocations=59 (full 0):
 garbage-first heap   total 482304K, used 278612K [0x0000000080000000, 0x0000000100000000)
  region size 1024K, 8 young (8192K), 8 survivors (8192K)
 Metaspace       used 128621K, committed 129536K, reserved 1179648K
  class space    used 17186K, committed 17664K, reserved 1048576K
}
Event: 69.140 GC heap before
{Heap before GC invocations=59 (full 0):
 garbage-first heap   total 482304K, used 390228K [0x0000000080000000, 0x0000000100000000)
  region size 1024K, 116 young (118784K), 8 survivors (8192K)
 Metaspace       used 129582K, committed 130432K, reserved 1179648K
  class space    used 17289K, committed 17728K, reserved 1048576K
}
Event: 69.145 GC heap after
{Heap after GC invocations=60 (full 0):
 garbage-first heap   total 482304K, used 283734K [0x0000000080000000, 0x0000000100000000)
  region size 1024K, 11 young (11264K), 11 survivors (11264K)
 Metaspace       used 129582K, committed 130432K, reserved 1179648K
  class space    used 17289K, committed 17728K, reserved 1048576K
}
Event: 69.483 GC heap before
{Heap before GC invocations=60 (full 0):
 garbage-first heap   total 482304K, used 395350K [0x0000000080000000, 0x0000000100000000)
  region size 1024K, 120 young (122880K), 11 survivors (11264K)
 Metaspace       used 129582K, committed 130432K, reserved 1179648K
  class space    used 17289K, committed 17728K, reserved 1048576K
}
Event: 69.488 GC heap after
{Heap after GC invocations=61 (full 0):
 garbage-first heap   total 482304K, used 284336K [0x0000000080000000, 0x0000000100000000)
  region size 1024K, 5 young (5120K), 5 survivors (5120K)
 Metaspace       used 129582K, committed 130432K, reserved 1179648K
  class space    used 17289K, committed 17728K, reserved 1048576K
}
Event: 70.665 GC heap before
{Heap before GC invocations=61 (full 0):
 garbage-first heap   total 482304K, used 403120K [0x0000000080000000, 0x0000000100000000)
  region size 1024K, 120 young (122880K), 5 survivors (5120K)
 Metaspace       used 138497K, committed 139456K, reserved 1179648K
  class space    used 18453K, committed 18880K, reserved 1048576K
}
Event: 70.669 GC heap after
{Heap after GC invocations=62 (full 0):
 garbage-first heap   total 482304K, used 285059K [0x0000000080000000, 0x0000000100000000)
  region size 1024K, 6 young (6144K), 6 survivors (6144K)
 Metaspace       used 138497K, committed 139456K, reserved 1179648K
  class space    used 18453K, committed 18880K, reserved 1048576K
}
Event: 71.512 GC heap before
{Heap before GC invocations=62 (full 0):
 garbage-first heap   total 482304K, used 407939K [0x0000000080000000, 0x0000000100000000)
  region size 1024K, 125 young (128000K), 6 survivors (6144K)
 Metaspace       used 144159K, committed 145024K, reserved 1179648K
  class space    used 19210K, committed 19648K, reserved 1048576K
}
Event: 71.523 GC heap after
{Heap after GC invocations=63 (full 0):
 garbage-first heap   total 482304K, used 295177K [0x0000000080000000, 0x0000000100000000)
  region size 1024K, 16 young (16384K), 16 survivors (16384K)
 Metaspace       used 144159K, committed 145024K, reserved 1179648K
  class space    used 19210K, committed 19648K, reserved 1048576K
}

