# JRE version: OpenJDK Runtime Environment (17.0.11) (build 17.0.11+0--11852314)
# Java VM: OpenJDK 64-Bit Server VM (17.0.11+0--11852314, mixed mode, tiered, compressed oops, compressed class ptrs, g1 gc, windows-amd64)
GC Precious Log:
 CPUs: 8 total, 8 available
 Memory: 7963M
 Large Page Support: Disabled
 NUMA Support: Disabled
 Compressed Oops: Enabled (32-bit)
 Heap Region Size: 1M
 Heap Min Capacity: 8M
 Heap Initial Capacity: 126M
 Heap Max Capacity: 2G
 Pre-touch: Disabled
 Parallel Workers: 8
 Concurrent Workers: 2
 Concurrent Refinement Workers: 8
 Periodic GC: Disabled
Heap:
 garbage-first heap   total 443392K, used 372736K [0x0000000080000000, 0x0000000100000000)
  region size 1024K, 3 young (3072K), 3 survivors (3072K)
 Metaspace       used 164279K, committed 165504K, reserved 1245184K
  class space    used 21667K, committed 22272K, reserved 1048576K
GC Heap History (20 events):
Event: 1811.455 GC heap after
{Heap after GC invocations=112 (full 0):
 garbage-first heap   total 443392K, used 283846K [0x0000000080000000, 0x0000000100000000)
  region size 1024K, 5 young (5120K), 5 survivors (5120K)
 Metaspace       used 161149K, committed 162304K, reserved 1245184K
  class space    used 21335K, committed 21888K, reserved 1048576K
}
Event: 1811.637 GC heap before
{Heap before GC invocations=112 (full 0):
 garbage-first heap   total 443392K, used 391366K [0x0000000080000000, 0x0000000100000000)
  region size 1024K, 110 young (112640K), 5 survivors (5120K)
 Metaspace       used 161150K, committed 162304K, reserved 1245184K
  class space    used 21335K, committed 21888K, reserved 1048576K
}
Event: 1811.641 GC heap after
{Heap after GC invocations=113 (full 0):
 garbage-first heap   total 443392K, used 284642K [0x0000000080000000, 0x0000000100000000)
  region size 1024K, 5 young (5120K), 5 survivors (5120K)
 Metaspace       used 161150K, committed 162304K, reserved 1245184K
  class space    used 21335K, committed 21888K, reserved 1048576K
}
Event: 1811.887 GC heap before
{Heap before GC invocations=113 (full 0):
 garbage-first heap   total 443392K, used 392162K [0x0000000080000000, 0x0000000100000000)
  region size 1024K, 110 young (112640K), 5 survivors (5120K)
 Metaspace       used 161315K, committed 162496K, reserved 1245184K
  class space    used 21336K, committed 21888K, reserved 1048576K
}
Event: 1811.891 GC heap after
{Heap after GC invocations=114 (full 0):
 garbage-first heap   total 443392K, used 285544K [0x0000000080000000, 0x0000000100000000)
  region size 1024K, 6 young (6144K), 6 survivors (6144K)
 Metaspace       used 161315K, committed 162496K, reserved 1245184K
  class space    used 21336K, committed 21888K, reserved 1048576K
}
Event: 1812.230 GC heap before
{Heap before GC invocations=114 (full 0):
 garbage-first heap   total 443392K, used 392040K [0x0000000080000000, 0x0000000100000000)
  region size 1024K, 109 young (111616K), 6 survivors (6144K)
 Metaspace       used 161481K, committed 162688K, reserved 1245184K
  class space    used 21340K, committed 21888K, reserved 1048576K
}
Event: 1812.233 GC heap after
{Heap after GC invocations=115 (full 0):
 garbage-first heap   total 443392K, used 283354K [0x0000000080000000, 0x0000000100000000)
  region size 1024K, 4 young (4096K), 4 survivors (4096K)
 Metaspace       used 161481K, committed 162688K, reserved 1245184K
  class space    used 21340K, committed 21888K, reserved 1048576K
}
Event: 1812.632 GC heap before
{Heap before GC invocations=115 (full 0):
 garbage-first heap   total 443392K, used 392922K [0x0000000080000000, 0x0000000100000000)
  region size 1024K, 111 young (113664K), 4 survivors (4096K)
 Metaspace       used 161493K, committed 162688K, reserved 1245184K
  class space    used 21340K, committed 21888K, reserved 1048576K
}
Event: 1812.636 GC heap after
{Heap after GC invocations=116 (full 0):
 garbage-first heap   total 443392K, used 283590K [0x0000000080000000, 0x0000000100000000)
  region size 1024K, 4 young (4096K), 4 survivors (4096K)
 Metaspace       used 161493K, committed 162688K, reserved 1245184K
  class space    used 21340K, committed 21888K, reserved 1048576K
}
Event: 1813.141 GC heap before
{Heap before GC invocations=116 (full 0):
 garbage-first heap   total 443392K, used 352198K [0x0000000080000000, 0x0000000100000000)
  region size 1024K, 53 young (54272K), 4 survivors (4096K)
 Metaspace       used 163521K, committed 164800K, reserved 1245184K
  class space    used 21608K, committed 22208K, reserved 1048576K
}
Event: 1813.150 GC heap after
{Heap after GC invocations=117 (full 0):
 garbage-first heap   total 443392K, used 301540K [0x0000000080000000, 0x0000000100000000)
  region size 1024K, 6 young (6144K), 6 survivors (6144K)
 Metaspace       used 163521K, committed 164800K, reserved 1245184K
  class space    used 21608K, committed 22208K, reserved 1048576K
}
Event: 1813.164 GC heap before
{Heap before GC invocations=117 (full 0):
 garbage-first heap   total 443392K, used 331236K [0x0000000080000000, 0x0000000100000000)
  region size 1024K, 16 young (16384K), 6 survivors (6144K)
 Metaspace       used 163530K, committed 164800K, reserved 1245184K
  class space    used 21608K, committed 22208K, reserved 1048576K
}
Event: 1813.168 GC heap after
{Heap after GC invocations=118 (full 0):
 garbage-first heap   total 443392K, used 316828K [0x0000000080000000, 0x0000000100000000)
  region size 1024K, 9 young (9216K), 9 survivors (9216K)
 Metaspace       used 163530K, committed 164800K, reserved 1245184K
  class space    used 21608K, committed 22208K, reserved 1048576K
}
Event: 1813.344 GC heap before
{Heap before GC invocations=118 (full 0):
 garbage-first heap   total 443392K, used 353692K [0x0000000080000000, 0x0000000100000000)
  region size 1024K, 44 young (45056K), 9 survivors (9216K)
 Metaspace       used 163900K, committed 165120K, reserved 1245184K
  class space    used 21633K, committed 22208K, reserved 1048576K
}
Event: 1813.361 GC heap after
{Heap after GC invocations=119 (full 0):
 garbage-first heap   total 443392K, used 324975K [0x0000000080000000, 0x0000000100000000)
  region size 1024K, 9 young (9216K), 9 survivors (9216K)
 Metaspace       used 163900K, committed 165120K, reserved 1245184K
  class space    used 21633K, committed 22208K, reserved 1048576K
}
Event: 1813.605 GC heap before
{Heap before GC invocations=119 (full 0):
 garbage-first heap   total 443392K, used 373103K [0x0000000080000000, 0x0000000100000000)
  region size 1024K, 55 young (56320K), 9 survivors (9216K)
 Metaspace       used 164264K, committed 165504K, reserved 1245184K
  class space    used 21667K, committed 22272K, reserved 1048576K
}
Event: 1813.624 GC heap after
{Heap after GC invocations=120 (full 0):
 garbage-first heap   total 443392K, used 348372K [0x0000000080000000, 0x0000000100000000)
  region size 1024K, 7 young (7168K), 7 survivors (7168K)
 Metaspace       used 164264K, committed 165504K, reserved 1245184K
  class space    used 21667K, committed 22272K, reserved 1048576K
}
Event: 1813.698 GC heap before
{Heap before GC invocations=120 (full 0):
 garbage-first heap   total 443392K, used 372948K [0x0000000080000000, 0x0000000100000000)
  region size 1024K, 32 young (32768K), 7 survivors (7168K)
 Metaspace       used 164279K, committed 165504K, reserved 1245184K
  class space    used 21667K, committed 22272K, reserved 1048576K
}
Event: 1813.712 GC heap after
{Heap after GC invocations=121 (full 0):
 garbage-first heap   total 443392K, used 362496K [0x0000000080000000, 0x0000000100000000)
  region size 1024K, 4 young (4096K), 4 survivors (4096K)
 Metaspace       used 164279K, committed 165504K, reserved 1245184K
  class space    used 21667K, committed 22272K, reserved 1048576K
}
Event: 1813.756 GC heap before
{Heap before GC invocations=121 (full 0):
 garbage-first heap   total 443392K, used 378880K [0x0000000080000000, 0x0000000100000000)
  region size 1024K, 21 young (21504K), 4 survivors (4096K)
 Metaspace       used 164279K, committed 165504K, reserved 1245184K
  class space    used 21667K, committed 22272K, reserved 1048576K
}

